0 info it worked if it ends with ok
1 verbose cli [ 'C:\\Program Files\\nodejs\\\\node.exe',
1 verbose cli   'C:\\Program Files\\nodejs\\node_modules\\npm\\bin\\npm-cli.js',
1 verbose cli   'version',
1 verbose cli   'minor',
1 verbose cli   '-m',
1 verbose cli   'Custom listeners' ]
2 info using npm@1.4.3
3 info using node@v0.10.26
4 verbose node symlink C:\Program Files\nodejs\\node.exe
5 error Error: Git working directory not clean.
5 error M src/DomApi.ts
5 error M src/Renderers.ts
5 error AM test/api/observing/ObservingClassNameSpec.js
5 error     at C:\Program Files\nodejs\node_modules\npm\lib\version.js:98:35
5 error     at ChildProcess.exithandler (child_process.js:635:7)
5 error     at ChildProcess.EventEmitter.emit (events.js:98:17)
5 error     at maybeClose (child_process.js:743:16)
5 error     at Process.ChildProcess._handle.onexit (child_process.js:810:5)
6 error If you need help, you may report this *entire* log,
6 error including the npm and node versions, at:
6 error     <http://github.com/npm/npm/issues>
7 error System Windows_NT 6.1.7601
8 error command "C:\\Program Files\\nodejs\\\\node.exe" "C:\\Program Files\\nodejs\\node_modules\\npm\\bin\\npm-cli.js" "version" "minor" "-m" "Custom listeners"
9 error cwd G:\Projects\OpenSource\JohnSmith
10 error node -v v0.10.26
11 error npm -v 1.4.3
12 verbose exit [ 1, true ]
